<?xml version="1.0" encoding="UTF-8"?>
<!-- Generated by org.testng.reporters.JUnitReportReporter -->
<testsuite hostname="spbnb-prc166" name="js.testng.TestNGTest3" tests="1" failures="0" timestamp="11 Sep 2012 10:00:40 GMT" time="0.012" errors="0">
  <testcase name="test" time="0.012" classname="js.testng.TestNGTest3"/>
</testsuite> <!-- js.testng.TestNGTest3 -->
