<?xml version="1.0" encoding="UTF-8"?>
<!-- Generated by org.testng.reporters.JUnitReportReporter -->
<testsuite hostname="spbnb-prc166" name="js.testng.CounterTestNG" tests="60" failures="0" timestamp="11 Sep 2012 11:24:47 GMT" time="2.810" errors="0">
  <testcase name="test2" time="0.014" classname="js.testng.CounterTestNG"/>
  <testcase name="test1" time="0.172" classname="js.testng.CounterTestNG"/>
  <testcase name="test1" time="0.059" classname="js.testng.CounterTestNG"/>
  <testcase name="test2" time="0.018" classname="js.testng.CounterTestNG"/>
  <testcase name="test2" time="0.014" classname="js.testng.CounterTestNG"/>
  <testcase name="test2" time="0.039" classname="js.testng.CounterTestNG"/>
  <testcase name="test1" time="0.050" classname="js.testng.CounterTestNG"/>
  <testcase name="test1" time="0.039" classname="js.testng.CounterTestNG"/>
  <testcase name="test2" time="0.019" classname="js.testng.CounterTestNG"/>
  <testcase name="test2" time="0.018" classname="js.testng.CounterTestNG"/>
  <testcase name="test2" time="0.014" classname="js.testng.CounterTestNG"/>
  <testcase name="test2" time="0.108" classname="js.testng.CounterTestNG"/>
  <testcase name="test1" time="0.053" classname="js.testng.CounterTestNG"/>
  <testcase name="test1" time="0.164" classname="js.testng.CounterTestNG"/>
  <testcase name="test1" time="0.036" classname="js.testng.CounterTestNG"/>
  <testcase name="test1" time="0.041" classname="js.testng.CounterTestNG"/>
  <testcase name="test1" time="0.036" classname="js.testng.CounterTestNG"/>
  <testcase name="test2" time="0.018" classname="js.testng.CounterTestNG"/>
  <testcase name="test2" time="0.019" classname="js.testng.CounterTestNG"/>
  <testcase name="test2" time="0.019" classname="js.testng.CounterTestNG"/>
  <testcase name="test2" time="0.019" classname="js.testng.CounterTestNG"/>
  <testcase name="test2" time="0.019" classname="js.testng.CounterTestNG"/>
  <testcase name="test1" time="0.053" classname="js.testng.CounterTestNG"/>
  <testcase name="test1" time="0.234" classname="js.testng.CounterTestNG"/>
  <testcase name="test2" time="0.224" classname="js.testng.CounterTestNG"/>
  <testcase name="test1" time="0.054" classname="js.testng.CounterTestNG"/>
  <testcase name="test2" time="0.021" classname="js.testng.CounterTestNG"/>
  <testcase name="test2" time="0.015" classname="js.testng.CounterTestNG"/>
  <testcase name="test1" time="0.060" classname="js.testng.CounterTestNG"/>
  <testcase name="test1" time="0.006" classname="js.testng.CounterTestNG"/>
  <testcase name="test1" time="0.052" classname="js.testng.CounterTestNG"/>
  <testcase name="test1" time="0.012" classname="js.testng.CounterTestNG"/>
  <testcase name="test1" time="0.039" classname="js.testng.CounterTestNG"/>
  <testcase name="test1" time="0.171" classname="js.testng.CounterTestNG"/>
  <testcase name="test2" time="0.035" classname="js.testng.CounterTestNG"/>
  <testcase name="test2" time="0.020" classname="js.testng.CounterTestNG"/>
  <testcase name="test1" time="0.005" classname="js.testng.CounterTestNG"/>
  <testcase name="test2" time="0.020" classname="js.testng.CounterTestNG"/>
  <testcase name="test1" time="0.166" classname="js.testng.CounterTestNG"/>
  <testcase name="test1" time="0.173" classname="js.testng.CounterTestNG"/>
  <testcase name="test1" time="0.056" classname="js.testng.CounterTestNG"/>
  <testcase name="test1" time="0.020" classname="js.testng.CounterTestNG"/>
  <testcase name="test2" time="0.020" classname="js.testng.CounterTestNG"/>
  <testcase name="test1" time="0.040" classname="js.testng.CounterTestNG"/>
  <testcase name="test1" time="0.015" classname="js.testng.CounterTestNG"/>
  <testcase name="test2" time="0.023" classname="js.testng.CounterTestNG"/>
  <testcase name="test2" time="0.020" classname="js.testng.CounterTestNG"/>
  <testcase name="test2" time="0.033" classname="js.testng.CounterTestNG"/>
  <testcase name="test2" time="0.019" classname="js.testng.CounterTestNG"/>
  <testcase name="test1" time="0.017" classname="js.testng.CounterTestNG"/>
  <testcase name="test1" time="0.053" classname="js.testng.CounterTestNG"/>
  <testcase name="test2" time="0.023" classname="js.testng.CounterTestNG"/>
  <testcase name="test2" time="0.019" classname="js.testng.CounterTestNG"/>
  <testcase name="test2" time="0.020" classname="js.testng.CounterTestNG"/>
  <testcase name="test2" time="0.016" classname="js.testng.CounterTestNG"/>
  <testcase name="test1" time="0.002" classname="js.testng.CounterTestNG"/>
  <testcase name="test1" time="0.002" classname="js.testng.CounterTestNG"/>
  <testcase name="test1" time="0.011" classname="js.testng.CounterTestNG"/>
  <testcase name="test2" time="0.025" classname="js.testng.CounterTestNG"/>
  <testcase name="test2" time="0.028" classname="js.testng.CounterTestNG"/>
</testsuite> <!-- js.testng.CounterTestNG -->
