<?xml version="1.0" encoding="UTF-8"?>
<!-- Generated by org.testng.reporters.JUnitReportReporter -->
<testsuite hostname="spbnb-prc166" name="js.testng.CalculatorTest" tests="1" failures="0" timestamp="11 Sep 2012 09:34:02 GMT" time="0.007" errors="0">
  <testcase name="maxValueTest" time="0.007" classname="js.testng.CalculatorTest"/>
</testsuite> <!-- js.testng.CalculatorTest -->
