<?xml version="1.0" encoding="UTF-8"?>
<!-- Generated by org.testng.reporters.JUnitReportReporter -->
<testsuite hostname="spbnb-prc166" name="js.testng.TestNGTest2" tests="1" failures="0" timestamp="11 Sep 2012 10:40:41 GMT" time="0.001" errors="0">
  <testcase name="test" time="0.001" classname="js.testng.TestNGTest2"/>
</testsuite> <!-- js.testng.TestNGTest2 -->
