<?xml version="1.0" encoding="UTF-8"?>
<!-- Generated by org.testng.reporters.JUnitReportReporter -->
<testsuite hostname="spbnb-prc166" name="js.testng.TestNGTest4" tests="2" failures="0" timestamp="11 Sep 2012 10:45:55 GMT" time="0.008" errors="0">
  <testcase name="testI2" time="0.000" classname="js.testng.TestNGTest4"/>
  <testcase name="testI1" time="0.008" classname="js.testng.TestNGTest4"/>
</testsuite> <!-- js.testng.TestNGTest4 -->
