<?xml version="1.0" encoding="UTF-8"?>
<!-- Generated by org.testng.reporters.JUnitReportReporter -->
<testsuite hostname="spbnb-prc166" name="js.testng.AtomicCounterTestNG" tests="30" failures="0" timestamp="11 Sep 2012 11:26:37 GMT" time="81.822" errors="0">
  <testcase name="test" time="2.521" classname="js.testng.AtomicCounterTestNG"/>
  <testcase name="test" time="2.854" classname="js.testng.AtomicCounterTestNG"/>
  <testcase name="test" time="2.850" classname="js.testng.AtomicCounterTestNG"/>
  <testcase name="test" time="3.003" classname="js.testng.AtomicCounterTestNG"/>
  <testcase name="test" time="3.004" classname="js.testng.AtomicCounterTestNG"/>
  <testcase name="test" time="3.003" classname="js.testng.AtomicCounterTestNG"/>
  <testcase name="test" time="2.664" classname="js.testng.AtomicCounterTestNG"/>
  <testcase name="test" time="2.687" classname="js.testng.AtomicCounterTestNG"/>
  <testcase name="test" time="2.903" classname="js.testng.AtomicCounterTestNG"/>
  <testcase name="test" time="2.502" classname="js.testng.AtomicCounterTestNG"/>
  <testcase name="test" time="2.533" classname="js.testng.AtomicCounterTestNG"/>
  <testcase name="test" time="2.629" classname="js.testng.AtomicCounterTestNG"/>
  <testcase name="test" time="2.564" classname="js.testng.AtomicCounterTestNG"/>
  <testcase name="test" time="2.852" classname="js.testng.AtomicCounterTestNG"/>
  <testcase name="test" time="2.626" classname="js.testng.AtomicCounterTestNG"/>
  <testcase name="test" time="2.365" classname="js.testng.AtomicCounterTestNG"/>
  <testcase name="test" time="2.791" classname="js.testng.AtomicCounterTestNG"/>
  <testcase name="test" time="3.006" classname="js.testng.AtomicCounterTestNG"/>
  <testcase name="test" time="2.906" classname="js.testng.AtomicCounterTestNG"/>
  <testcase name="test" time="2.760" classname="js.testng.AtomicCounterTestNG"/>
  <testcase name="test" time="2.632" classname="js.testng.AtomicCounterTestNG"/>
  <testcase name="test" time="2.811" classname="js.testng.AtomicCounterTestNG"/>
  <testcase name="test" time="2.688" classname="js.testng.AtomicCounterTestNG"/>
  <testcase name="test" time="2.483" classname="js.testng.AtomicCounterTestNG"/>
  <testcase name="test" time="2.964" classname="js.testng.AtomicCounterTestNG"/>
  <testcase name="test" time="2.870" classname="js.testng.AtomicCounterTestNG"/>
  <testcase name="test" time="2.172" classname="js.testng.AtomicCounterTestNG"/>
  <testcase name="test" time="2.577" classname="js.testng.AtomicCounterTestNG"/>
  <testcase name="test" time="2.711" classname="js.testng.AtomicCounterTestNG"/>
  <testcase name="test" time="2.891" classname="js.testng.AtomicCounterTestNG"/>
</testsuite> <!-- js.testng.AtomicCounterTestNG -->
