<?xml version="1.0" encoding="UTF-8"?>
<!-- Generated by org.testng.reporters.JUnitReportReporter -->
<testsuite hostname="spbnb-prc166" name="js.testng.TestNGTest1" tests="2" failures="0" timestamp="11 Sep 2012 10:40:41 GMT" time="0.002" errors="0">
  <testcase name="test2" time="0.000" classname="js.testng.TestNGTest1"/>
  <testcase name="test1" time="0.002" classname="js.testng.TestNGTest1"/>
</testsuite> <!-- js.testng.TestNGTest1 -->
